[2025-07-14T06:28:23.402Z] POST /shorturls
[2025-07-14T06:28:25.808Z] GET /abc1
[2025-07-14T06:28:54.702Z] POST /shorturls
[2025-07-14T06:28:56.297Z] GET /abcd1
[2025-07-14T06:30:03.069Z] GET /abcd1
[2025-07-14T06:30:10.291Z] GET /abcd1
[2025-07-14T06:30:20.248Z] POST /shorturls
[2025-07-14T06:30:32.089Z] GET /shorturls/abc1
[2025-07-14T06:32:35.335Z] GET /shorturls/abc1
[2025-07-14T06:48:36.257Z] POST /shorturls
[2025-07-14T06:48:43.544Z] GET /shorturls/abc1
[2025-07-14T06:59:27.663Z] GET /shorturls
[2025-07-14T06:59:27.888Z] GET /shorturls
[2025-07-14T07:02:23.055Z] GET /shorturls
[2025-07-14T07:02:23.266Z] GET /shorturls
[2025-07-14T07:02:23.552Z] GET /shorturls
[2025-07-14T07:02:28.430Z] GET /shorturls
[2025-07-14T07:02:28.508Z] GET /shorturls
[2025-07-14T07:02:35.504Z] GET /shorturls
[2025-07-14T07:02:35.584Z] GET /shorturls
[2025-07-14T07:02:37.360Z] GET /shorturls
[2025-07-14T07:02:37.435Z] GET /shorturls
[2025-07-14T07:03:27.812Z] GET /shorturls
[2025-07-14T07:03:28.189Z] GET /shorturls
[2025-07-14T07:04:39.552Z] GET /shorturls
[2025-07-14T07:04:39.775Z] GET /shorturls
[2025-07-14T07:04:40.002Z] GET /shorturls
[2025-07-14T07:04:40.238Z] GET /shorturls
[2025-07-14T07:04:43.534Z] GET /shorturls
[2025-07-14T07:04:43.880Z] GET /shorturls
[2025-07-14T07:04:44.107Z] GET /shorturls
[2025-07-14T07:04:44.192Z] GET /shorturls
[2025-07-14T07:04:47.770Z] GET /shorturls
[2025-07-14T07:04:47.841Z] GET /shorturls
[2025-07-14T07:05:02.545Z] GET /shorturls
[2025-07-14T07:05:02.627Z] GET /shorturls
[2025-07-14T07:05:02.700Z] GET /shorturls
[2025-07-14T07:05:02.792Z] GET /shorturls
[2025-07-14T07:05:10.535Z] GET /shorturls
[2025-07-14T07:05:10.631Z] GET /shorturls
[2025-07-14T07:05:10.710Z] GET /shorturls
[2025-07-14T07:05:10.790Z] GET /shorturls
[2025-07-14T07:05:14.796Z] GET /shorturls
[2025-07-14T07:05:14.865Z] GET /shorturls
[2025-07-14T07:05:18.077Z] GET /shorturls
[2025-07-14T07:05:18.226Z] GET /shorturls
[2025-07-14T07:05:39.673Z] GET /shorturls
[2025-07-14T07:05:39.753Z] GET /shorturls
[2025-07-14T07:07:16.583Z] GET /shorturls
[2025-07-14T07:07:17.521Z] GET /shorturls
[2025-07-14T07:08:08.543Z] GET /shorturls
[2025-07-14T07:08:08.618Z] GET /shorturls
[2025-07-14T07:08:08.699Z] GET /shorturls
[2025-07-14T07:08:08.772Z] GET /shorturls
[2025-07-14T07:09:21.668Z] GET /shorturls
[2025-07-14T07:09:22.001Z] GET /shorturls
[2025-07-14T07:09:22.567Z] GET /shorturls
[2025-07-14T07:09:22.934Z] GET /shorturls
[2025-07-14T07:10:24.844Z] GET /shorturls
[2025-07-14T07:10:24.912Z] GET /shorturls
[2025-07-14T07:10:54.306Z] GET /shorturls
[2025-07-14T07:10:54.379Z] GET /shorturls
[2025-07-14T07:13:24.953Z] GET /shorturls
[2025-07-14T07:13:42.008Z] GET /shorturls
[2025-07-14T07:13:42.370Z] GET /shorturls
[2025-07-14T07:13:47.106Z] GET /shorturls
[2025-07-14T07:13:47.234Z] GET /shorturls
[2025-07-14T07:15:07.334Z] GET /shorturls
[2025-07-14T07:15:07.410Z] GET /shorturls
[2025-07-29T14:50:18.378Z] GET /
[2025-07-29T14:50:47.349Z] GET /
[2025-07-29T14:50:49.466Z] GET /
[2025-07-29T14:50:49.683Z] GET /
[2025-07-29T14:54:26.204Z] GET /
[2025-07-29T14:54:30.484Z] GET /
[2025-07-30T05:06:55.933Z] GET /shorturls
[2025-07-30T05:06:56.060Z] GET /shorturls
[2025-07-30T05:07:23.590Z] POST /shorturls
[2025-07-30T05:07:27.237Z] GET /pwn
[2025-07-30T05:07:47.861Z] GET /pwn
